<?xml version="1.0" encoding="UTF-8"?>
<!-- Generated by org.testng.reporters.JUnitXMLReporter -->
<testsuite ignored="0" hostname="DESKTOP-5RN11MV" failures="0" tests="3" name="Default test" time="45.264" errors="0" timestamp="2023-01-24T11:55:27 IST">
  <testcase classname="com.web.tests.LoginPageTests" name="verifyLogin" time="5.929"/>
  <testcase classname="com.web.tests.LoginPageTests" name="verifyLogin" time="7.012"/>
  <testcase classname="com.web.tests.LoginPageTests" name="verifyLogin" time="6.02"/>
</testsuite> <!-- Default test -->
